<?xml version="1.0" encoding="UTF-8"?>
<!-- Generated by org.testng.reporters.JUnitReportReporter -->
<testsuite hostname="DESKTOP-F9KQSCF" failures="0" tests="1" name="com.rest.postmantests.QueryRequestSpec" time="0.007" errors="0" timestamp="2022-12-04T11:36:30 IST" skipped="0">
  <testcase classname="com.rest.postmantests.QueryRequestSpec" name="queryTest" time="0.007"/>
  <system-out/>
</testsuite> <!-- com.rest.postmantests.QueryRequestSpec -->
