<?xml version="1.0" encoding="UTF-8"?>
<!-- Generated by org.testng.reporters.JUnitReportReporter -->
<testsuite hostname="DESKTOP-F9KQSCF" failures="0" tests="2" name="com.rest.postmantests.ResponseSpecificationBuilder" time="5.221" errors="0" timestamp="2022-12-04T12:38:13 IST" skipped="0">
  <testcase classname="com.rest.postmantests.ResponseSpecificationBuilder" name="validateResponseStatusCode" time="1.814"/>
  <system-out/>
  <testcase classname="com.rest.postmantests.ResponseSpecificationBuilder" name="validateResponseBody" time="3.407"/>
  <system-out/>
</testsuite> <!-- com.rest.postmantests.ResponseSpecificationBuilder -->
