<?xml version="1.0" encoding="UTF-8"?>
<!-- Generated by org.testng.reporters.JUnitReportReporter -->
<testsuite hostname="DESKTOP-F9KQSCF" failures="0" tests="2" name="com.rest.postmantests.AutomatePost" time="5.506" errors="0" timestamp="2022-12-10T08:50:19 IST" skipped="0">
  <testcase classname="com.rest.postmantests.AutomatePost" name="validatePost" time="1.940"/>
  <system-out/>
  <testcase classname="com.rest.postmantests.AutomatePost" name="validateDelete" time="3.566"/>
  <system-out/>
</testsuite> <!-- com.rest.postmantests.AutomatePost -->
